2012-04-18T21:28:17+02:00 CRIT (2): Application error:No token given in URL
2012-04-18T21:28:17+02:00 CRIT (2): Request Parameters
2012-04-18T21:28:19+02:00 CRIT (2): Application error:Missing To addresses
2012-04-18T21:28:19+02:00 CRIT (2): Request Parameters
2012-04-18T21:28:20+02:00 CRIT (2): Application error:No token given in URL
2012-04-18T21:28:20+02:00 CRIT (2): Request Parameters
2012-04-18T21:29:44+02:00 NOTICE (5): Page not found:Invalid controller specified (favicon.ico)
2012-04-18T21:29:44+02:00 NOTICE (5): Request Parameters
2012-04-18T21:30:10+02:00 CRIT (2): Application error:SQLSTATE[42S22]: Column not found: 1054 Unknown column 'postcode' in 'field list'
2012-04-18T21:30:10+02:00 CRIT (2): Request Parameters
2012-04-18T21:30:11+02:00 NOTICE (5): Page not found:Invalid controller specified (favicon.ico)
2012-04-18T21:30:11+02:00 NOTICE (5): Request Parameters
2012-04-18T21:30:38+02:00 DEBUG (7): E-mail send to:  
        from b@br-design.pl subject: Welcome to our Med community!
2012-04-18T21:30:39+02:00 NOTICE (5): Page not found:Invalid controller specified (favicon.ico)
2012-04-18T21:30:39+02:00 NOTICE (5): Request Parameters
2012-04-18T21:31:11+02:00 CRIT (2): Application error:No token given in URL
2012-04-18T21:31:11+02:00 CRIT (2): Request Parameters
2012-04-18T21:31:13+02:00 CRIT (2): Application error:Missing To addresses
2012-04-18T21:31:13+02:00 CRIT (2): Request Parameters
2012-04-18T21:31:14+02:00 CRIT (2): Application error:No token given in URL
2012-04-18T21:31:14+02:00 CRIT (2): Request Parameters
2012-04-18T21:33:00+02:00 CRIT (2): Application error:No token given in URL
2012-04-18T21:33:41+02:00 CRIT (2): Application error:No token given in URL
2012-04-18T21:33:41+02:00 DEBUG (7): array
2012-04-18T21:33:41+02:00 CRIT (2): Request Parameters
2012-04-18T21:33:44+02:00 CRIT (2): Application error:Missing To addresses
2012-04-18T21:33:44+02:00 DEBUG (7): array
2012-04-18T21:33:44+02:00 CRIT (2): Request Parameters
2012-04-18T21:33:44+02:00 CRIT (2): Application error:No token given in URL
2012-04-18T21:33:44+02:00 DEBUG (7): array
2012-04-18T21:33:44+02:00 CRIT (2): Request Parameters
2012-04-18T21:35:37+02:00 CRIT (2): Application error:No token given in URL
2012-04-18T21:35:37+02:00 DEBUG (7): array
2012-04-18T21:35:37+02:00 CRIT (2): Request Parameters
2012-04-18T21:35:40+02:00 CRIT (2): Application error:Unable to send mail. mail(): SMTP server response: 553 sorry, that domain isn't in my list of allowed rcpthosts (#5.7.1)
2012-04-18T21:35:40+02:00 DEBUG (7): array
2012-04-18T21:35:40+02:00 CRIT (2): Request Parameters
2012-04-18T21:35:41+02:00 CRIT (2): Application error:No token given in URL
2012-04-18T21:35:41+02:00 DEBUG (7): array
2012-04-18T21:35:41+02:00 CRIT (2): Request Parameters
2012-04-18T21:36:44+02:00 CRIT (2): Application error:No token given in URL
2012-04-18T21:36:44+02:00 DEBUG (7): array
2012-04-18T21:36:44+02:00 CRIT (2): Request Parameters
2012-04-18T21:36:47+02:00 CRIT (2): Application error:Unable to send mail. mail(): SMTP server response: 553 sorry, that domain isn't in my list of allowed rcpthosts (#5.7.1)
2012-04-18T21:36:47+02:00 DEBUG (7): array
2012-04-18T21:36:47+02:00 CRIT (2): Request Parameters
2012-04-18T21:36:48+02:00 CRIT (2): Application error:No token given in URL
2012-04-18T21:36:48+02:00 DEBUG (7): array
2012-04-18T21:36:48+02:00 CRIT (2): Request Parameters
2012-04-18T21:37:29+02:00 CRIT (2): Application error:No token given in URL
2012-04-18T21:37:29+02:00 DEBUG (7): array
2012-04-18T21:37:29+02:00 CRIT (2): Request Parameters
2012-04-18T21:37:32+02:00 DEBUG (7): E-mail send to: 49304199tomek@wp.pl 
        from b@br-design.pl subject: Welcome to our Med community!
2012-04-18T21:37:33+02:00 CRIT (2): Application error:No token given in URL
2012-04-18T21:37:33+02:00 DEBUG (7): array
2012-04-18T21:37:33+02:00 CRIT (2): Request Parameters
2012-04-18T21:53:18+02:00 NOTICE (5): Page not found:Invalid controller specified (favicon.ico)
2012-04-18T21:53:18+02:00 DEBUG (7): array
2012-04-18T21:53:18+02:00 NOTICE (5): Request Parameters
2012-04-18T21:53:19+02:00 NOTICE (5): Page not found:Invalid controller specified (favicon.ico)
2012-04-18T21:53:19+02:00 DEBUG (7): array
2012-04-18T21:53:19+02:00 NOTICE (5): Request Parameters
2012-04-18T21:53:19+02:00 NOTICE (5): Page not found:Invalid controller specified (favicon.ico)
2012-04-18T21:53:19+02:00 DEBUG (7): array
2012-04-18T21:53:19+02:00 NOTICE (5): Request Parameters
2012-04-18T21:53:19+02:00 NOTICE (5): Page not found:Invalid controller specified (favicon.ico)
2012-04-18T21:53:19+02:00 DEBUG (7): array
2012-04-18T21:53:19+02:00 NOTICE (5): Request Parameters
2012-04-18T21:53:19+02:00 NOTICE (5): Page not found:Invalid controller specified (favicon.ico)
2012-04-18T21:53:19+02:00 DEBUG (7): array
2012-04-18T21:53:19+02:00 NOTICE (5): Request Parameters
2012-04-18T21:53:23+02:00 NOTICE (5): Page not found:Invalid controller specified (favicon.ico)
2012-04-18T21:53:23+02:00 DEBUG (7): array
2012-04-18T21:53:23+02:00 NOTICE (5): Request Parameters
2012-04-18T21:53:27+02:00 NOTICE (5): Page not found:Invalid controller specified (favicon.ico)
2012-04-18T21:53:27+02:00 DEBUG (7): array
2012-04-18T21:53:27+02:00 NOTICE (5): Request Parameters
2012-04-18T21:54:45+02:00 NOTICE (5): Page not found:Invalid controller specified (favicon.ico)
2012-04-18T21:54:45+02:00 DEBUG (7): array
2012-04-18T21:54:45+02:00 NOTICE (5): Request Parameters
2012-04-18T21:55:48+02:00 NOTICE (5): Page not found:Invalid controller specified (favicon.ico)
2012-04-18T21:55:48+02:00 DEBUG (7): array
2012-04-18T21:55:48+02:00 NOTICE (5): Request Parameters
2012-04-18T21:56:01+02:00 NOTICE (5): Page not found:Invalid controller specified (favicon.ico)
2012-04-18T21:56:01+02:00 DEBUG (7): array
2012-04-18T21:56:01+02:00 NOTICE (5): Request Parameters
2012-04-18T21:56:50+02:00 NOTICE (5): Page not found:Invalid controller specified (favicon.ico)
2012-04-18T21:56:50+02:00 DEBUG (7): array
2012-04-18T21:56:50+02:00 NOTICE (5): Request Parameters
2012-04-18T21:58:50+02:00 NOTICE (5): Page not found:Invalid controller specified (favicon.ico)
2012-04-18T21:58:50+02:00 DEBUG (7): array
2012-04-18T21:58:50+02:00 NOTICE (5): Request Parameters
2012-04-18T21:59:49+02:00 NOTICE (5): Page not found:Invalid controller specified (favicon.ico)
2012-04-18T21:59:49+02:00 DEBUG (7): array
2012-04-18T21:59:49+02:00 NOTICE (5): Request Parameters
2012-04-18T21:59:53+02:00 NOTICE (5): Page not found:Invalid controller specified (favicon.ico)
2012-04-18T21:59:53+02:00 DEBUG (7): array
2012-04-18T21:59:53+02:00 NOTICE (5): Request Parameters
2012-04-18T22:03:06+02:00 NOTICE (5): Page not found:Invalid controller specified (favicon.ico)
2012-04-18T22:03:06+02:00 DEBUG (7): array
2012-04-18T22:03:06+02:00 NOTICE (5): Request Parameters
2012-04-18T22:03:08+02:00 NOTICE (5): Page not found:Invalid controller specified (favicon.ico)
2012-04-18T22:03:08+02:00 DEBUG (7): array
2012-04-18T22:03:08+02:00 NOTICE (5): Request Parameters
2012-04-18T22:03:17+02:00 NOTICE (5): Page not found:Invalid controller specified (favicon.ico)
2012-04-18T22:03:17+02:00 DEBUG (7): array
2012-04-18T22:03:17+02:00 NOTICE (5): Request Parameters
2012-04-18T22:03:22+02:00 CRIT (2): Application error:There is no setter method for property: email
2012-04-18T22:03:22+02:00 DEBUG (7): array
2012-04-18T22:03:22+02:00 CRIT (2): Request Parameters
2012-04-18T22:03:22+02:00 NOTICE (5): Page not found:Invalid controller specified (favicon.ico)
2012-04-18T22:03:22+02:00 DEBUG (7): array
2012-04-18T22:03:22+02:00 NOTICE (5): Request Parameters
2012-04-18T22:04:34+02:00 NOTICE (5): Page not found:Invalid controller specified (favicon.ico)
2012-04-18T22:04:34+02:00 DEBUG (7): array
2012-04-18T22:04:34+02:00 NOTICE (5): Request Parameters
2012-04-18T22:04:39+02:00 NOTICE (5): Page not found:Invalid controller specified (favicon.ico)
2012-04-18T22:04:39+02:00 DEBUG (7): array
2012-04-18T22:04:39+02:00 NOTICE (5): Request Parameters
2012-04-18T22:05:00+02:00 NOTICE (5): Page not found:Invalid controller specified (favicon.ico)
2012-04-18T22:05:00+02:00 DEBUG (7): array
2012-04-18T22:05:00+02:00 NOTICE (5): Request Parameters
2012-04-18T22:05:03+02:00 NOTICE (5): Page not found:Invalid controller specified (favicon.ico)
2012-04-18T22:05:03+02:00 DEBUG (7): array
2012-04-18T22:05:03+02:00 NOTICE (5): Request Parameters
2012-04-18T22:05:08+02:00 NOTICE (5): Page not found:Invalid controller specified (favicon.ico)
2012-04-18T22:05:08+02:00 DEBUG (7): array
2012-04-18T22:05:08+02:00 NOTICE (5): Request Parameters
2012-04-18T22:05:15+02:00 NOTICE (5): Page not found:Invalid controller specified (favicon.ico)
2012-04-18T22:05:15+02:00 DEBUG (7): array
2012-04-18T22:05:15+02:00 NOTICE (5): Request Parameters
2012-04-18T22:05:23+02:00 NOTICE (5): Page not found:Invalid controller specified (favicon.ico)
2012-04-18T22:05:23+02:00 DEBUG (7): array
2012-04-18T22:05:23+02:00 NOTICE (5): Request Parameters
2012-04-18T22:05:25+02:00 NOTICE (5): Page not found:Invalid controller specified (favicon.ico)
2012-04-18T22:05:25+02:00 DEBUG (7): array
2012-04-18T22:05:25+02:00 NOTICE (5): Request Parameters
2012-04-18T22:05:33+02:00 NOTICE (5): Page not found:Invalid controller specified (favicon.ico)
2012-04-18T22:05:33+02:00 DEBUG (7): array
2012-04-18T22:05:33+02:00 NOTICE (5): Request Parameters
2012-04-18T22:05:44+02:00 NOTICE (5): Page not found:Invalid controller specified (favicon.ico)
2012-04-18T22:05:44+02:00 DEBUG (7): array
2012-04-18T22:05:44+02:00 NOTICE (5): Request Parameters
2012-04-18T22:05:47+02:00 NOTICE (5): Page not found:Invalid controller specified (favicon.ico)
2012-04-18T22:05:47+02:00 DEBUG (7): array
2012-04-18T22:05:47+02:00 NOTICE (5): Request Parameters
2012-04-18T22:05:51+02:00 NOTICE (5): Page not found:Invalid controller specified (favicon.ico)
2012-04-18T22:05:51+02:00 DEBUG (7): array
2012-04-18T22:05:51+02:00 NOTICE (5): Request Parameters
2012-04-18T22:05:55+02:00 NOTICE (5): Page not found:Invalid controller specified (favicon.ico)
2012-04-18T22:05:55+02:00 DEBUG (7): array
2012-04-18T22:05:55+02:00 NOTICE (5): Request Parameters
2012-04-18T22:06:01+02:00 NOTICE (5): Page not found:Invalid controller specified (favicon.ico)
2012-04-18T22:06:01+02:00 DEBUG (7): array
2012-04-18T22:06:01+02:00 NOTICE (5): Request Parameters
2012-04-18T22:07:10+02:00 NOTICE (5): Page not found:Invalid controller specified (favicon.ico)
2012-04-18T22:07:10+02:00 DEBUG (7): array
2012-04-18T22:07:10+02:00 NOTICE (5): Request Parameters
2012-04-18T22:07:19+02:00 NOTICE (5): Page not found:Invalid controller specified (favicon.ico)
2012-04-18T22:07:19+02:00 DEBUG (7): array
2012-04-18T22:07:19+02:00 NOTICE (5): Request Parameters
2012-04-18T22:07:31+02:00 NOTICE (5): Page not found:Invalid controller specified (favicon.ico)
2012-04-18T22:07:31+02:00 DEBUG (7): array
2012-04-18T22:07:31+02:00 NOTICE (5): Request Parameters
2012-04-18T22:07:48+02:00 NOTICE (5): Page not found:Invalid controller specified (favicon.ico)
2012-04-18T22:07:48+02:00 DEBUG (7): array
2012-04-18T22:07:48+02:00 NOTICE (5): Request Parameters
2012-04-18T22:07:56+02:00 NOTICE (5): Page not found:Invalid controller specified (favicon.ico)
2012-04-18T22:07:56+02:00 DEBUG (7): array
2012-04-18T22:07:56+02:00 NOTICE (5): Request Parameters
2012-04-18T22:08:21+02:00 NOTICE (5): Page not found:Invalid controller specified (favicon.ico)
2012-04-18T22:08:21+02:00 DEBUG (7): array
2012-04-18T22:08:21+02:00 NOTICE (5): Request Parameters
2012-04-18T22:08:40+02:00 NOTICE (5): Page not found:Invalid controller specified (favicon.ico)
2012-04-18T22:08:40+02:00 DEBUG (7): array
2012-04-18T22:08:40+02:00 NOTICE (5): Request Parameters
2012-04-18T22:08:47+02:00 NOTICE (5): Page not found:Invalid controller specified (favicon.ico)
2012-04-18T22:08:47+02:00 DEBUG (7): array
2012-04-18T22:08:47+02:00 NOTICE (5): Request Parameters
2012-04-18T22:09:01+02:00 NOTICE (5): Page not found:Invalid controller specified (favicon.ico)
2012-04-18T22:09:01+02:00 DEBUG (7): array
2012-04-18T22:09:01+02:00 NOTICE (5): Request Parameters
2012-04-18T22:09:17+02:00 NOTICE (5): Page not found:Invalid controller specified (favicon.ico)
2012-04-18T22:09:17+02:00 DEBUG (7): array
2012-04-18T22:09:17+02:00 NOTICE (5): Request Parameters
2012-04-18T22:09:53+02:00 NOTICE (5): Page not found:Invalid controller specified (favicon.ico)
2012-04-18T22:09:53+02:00 DEBUG (7): array
2012-04-18T22:09:53+02:00 NOTICE (5): Request Parameters
2012-04-18T22:10:37+02:00 NOTICE (5): Page not found:Invalid controller specified (favicon.ico)
2012-04-18T22:10:37+02:00 DEBUG (7): array
2012-04-18T22:10:37+02:00 NOTICE (5): Request Parameters
2012-04-18T22:10:41+02:00 NOTICE (5): Page not found:Invalid controller specified (favicon.ico)
2012-04-18T22:10:41+02:00 DEBUG (7): array
2012-04-18T22:10:41+02:00 NOTICE (5): Request Parameters
2012-04-18T22:11:29+02:00 NOTICE (5): Page not found:Invalid controller specified (favicon.ico)
2012-04-18T22:11:29+02:00 DEBUG (7): array
2012-04-18T22:11:29+02:00 NOTICE (5): Request Parameters
2012-04-18T22:12:53+02:00 CRIT (2): Application error:script '_adminMenu.phtml' not found in path (C:\Sites\Trendmed\application/layouts/scripts/;C:/Sites/Trendmed/application/views\scripts/)
2012-04-18T22:12:53+02:00 DEBUG (7): array
2012-04-18T22:12:53+02:00 CRIT (2): Request Parameters
2012-04-18T22:12:53+02:00 NOTICE (5): Page not found:Invalid controller specified (favicon.ico)
2012-04-18T22:12:53+02:00 DEBUG (7): array
2012-04-18T22:12:53+02:00 NOTICE (5): Request Parameters
2012-04-18T22:13:28+02:00 NOTICE (5): Page not found:Invalid controller specified (favicon.ico)
2012-04-18T22:13:28+02:00 DEBUG (7): array
2012-04-18T22:13:28+02:00 NOTICE (5): Request Parameters
2012-04-18T22:13:35+02:00 NOTICE (5): Page not found:Invalid controller specified (favicon.ico)
2012-04-18T22:13:35+02:00 DEBUG (7): array
2012-04-18T22:13:35+02:00 NOTICE (5): Request Parameters
